<?xml version="1.0" encoding="UTF-8"?>
<!-- Generated by org.testng.reporters.JUnitReportReporter -->
<testsuite hostname="DESKTOP-I7TFLUD" failures="0" tests="1" name="com.testCases.BaseClass" time="10.234" errors="0" timestamp="2024-03-13T18:02:30 IST" skipped="0">
  <testcase classname="com.testCases.BaseClass" name="setUpBrowser" time="10.234"/>
  <system-out/>
</testsuite> <!-- com.testCases.BaseClass -->
