<?xml version="1.0" encoding="UTF-8"?>
<!-- Generated by org.testng.reporters.JUnitReportReporter -->
<testsuite hostname="DESKTOP-I7TFLUD" failures="0" tests="6" name="com.testCases.TC_003_SearchItem_addCart" time="57.027" errors="0" timestamp="2024-04-01T15:47:49 IST" skipped="0">
  <testcase classname="com.testCases.TC_003_SearchItem_addCart" name="searchItemAndToCart" time="9.017"/>
  <system-out/>
  <testcase classname="com.testCases.TC_003_SearchItem_addCart" name="searchItemAndToCart" time="9.317"/>
  <system-out/>
  <testcase classname="com.testCases.TC_003_SearchItem_addCart" name="searchItemAndToCart" time="11.929"/>
  <system-out/>
  <testcase classname="com.testCases.TC_003_SearchItem_addCart" name="searchItemAndToCart" time="9.502"/>
  <system-out/>
  <testcase classname="com.testCases.TC_003_SearchItem_addCart" name="searchItemAndToCart" time="9.079"/>
  <system-out/>
  <testcase classname="com.testCases.TC_003_SearchItem_addCart" name="searchItemAndToCart" time="8.183"/>
  <system-out/>
</testsuite> <!-- com.testCases.TC_003_SearchItem_addCart -->
