<?xml version="1.0" encoding="UTF-8"?>
<!-- Generated by org.testng.reporters.JUnitReportReporter -->
<testsuite hostname="DESKTOP-I7TFLUD" failures="0" tests="2" name="com.testCases.TC_001_RegistrationTest" time="6.202" errors="0" timestamp="2024-03-15T16:37:37 IST" skipped="0">
  <testcase classname="com.testCases.TC_001_RegistrationTest" name="testRegistrationWithInvalidData" time="4.247"/>
  <system-out/>
  <testcase classname="com.testCases.TC_001_RegistrationTest" name="testRegistrationPageWithValideData" time="1.955"/>
  <system-out/>
</testsuite> <!-- com.testCases.TC_001_RegistrationTest -->
